build/intermediates/manifest_merge_blame_file/debug/processDebugMainManifest/manifest-merger-blame-debug-report.txt
1<?xml version="1.0" encoding="utf-8"?>
2<manifest xmlns:android="http://schemas.android.com/apk/res/android"
3    package="com.example.appquanlitro"
4    android:versionCode="1"
5    android:versionName="1.0" >
6
7    <uses-sdk
8        android:minSdkVersion="24"
9        android:targetSdkVersion="34" />
10
11    <uses-permission android:name="android.permission.READ_EXTERNAL_STORAGE" />
11-->src\main\AndroidManifest.xml:5:5-80
11-->src\main\AndroidManifest.xml:5:22-77
12    <uses-permission android:name="android.permission.WRITE_EXTERNAL_STORAGE" /> <!-- Thêm các quyền truy cập vị trí -->
12-->src\main\AndroidManifest.xml:6:5-81
12-->src\main\AndroidManifest.xml:6:22-78
13    <uses-permission android:name="android.permission.ACCESS_FINE_LOCATION" />
13-->src\main\AndroidManifest.xml:7:5-79
13-->src\main\AndroidManifest.xml:7:22-76
14    <uses-permission android:name="android.permission.ACCESS_COARSE_LOCATION" />
14-->src\main\AndroidManifest.xml:8:5-81
14-->src\main\AndroidManifest.xml:8:22-78
15    <uses-permission android:name="android.permission.INTERNET" />
15-->src\main\AndroidManifest.xml:9:5-67
15-->src\main\AndroidManifest.xml:9:22-64
16
17    <!-- Include required permissions for Google Maps API to run. -->
18    <uses-permission android:name="android.permission.ACCESS_NETWORK_STATE" />
18-->[com.google.android.gms:play-services-maps:18.1.0] AndroidManifest.xml:23:5-79
18-->[com.google.android.gms:play-services-maps:18.1.0] AndroidManifest.xml:23:22-76
19
20    <uses-feature
20-->[com.google.android.gms:play-services-maps:18.1.0] AndroidManifest.xml:26:5-28:35
21        android:glEsVersion="0x00020000"
21-->[com.google.android.gms:play-services-maps:18.1.0] AndroidManifest.xml:27:9-41
22        android:required="true" />
22-->[com.google.android.gms:play-services-maps:18.1.0] AndroidManifest.xml:28:9-32
23
24    <queries>
24-->[com.google.android.gms:play-services-maps:18.1.0] AndroidManifest.xml:30:5-34:15
25
26        <!-- Needs to be explicitly declared on Android R+ -->
27        <package android:name="com.google.android.apps.maps" />
27-->[com.google.android.gms:play-services-maps:18.1.0] AndroidManifest.xml:33:9-64
27-->[com.google.android.gms:play-services-maps:18.1.0] AndroidManifest.xml:33:18-61
28        <package android:name="com.google.ar.core" />
28-->[com.google.ar:core:1.40.0] AndroidManifest.xml:21:9-54
28-->[com.google.ar:core:1.40.0] AndroidManifest.xml:21:18-51
29    </queries>
30
31    <permission
31-->[androidx.core:core:1.13.0] AndroidManifest.xml:22:5-24:47
32        android:name="com.example.appquanlitro.DYNAMIC_RECEIVER_NOT_EXPORTED_PERMISSION"
32-->[androidx.core:core:1.13.0] AndroidManifest.xml:23:9-81
33        android:protectionLevel="signature" />
33-->[androidx.core:core:1.13.0] AndroidManifest.xml:24:9-44
34
35    <uses-permission android:name="com.example.appquanlitro.DYNAMIC_RECEIVER_NOT_EXPORTED_PERMISSION" />
35-->[androidx.core:core:1.13.0] AndroidManifest.xml:26:5-97
35-->[androidx.core:core:1.13.0] AndroidManifest.xml:26:22-94
36
37    <application
37-->src\main\AndroidManifest.xml:11:5-183:19
38        android:allowBackup="true"
38-->src\main\AndroidManifest.xml:12:9-35
39        android:appComponentFactory="androidx.core.app.CoreComponentFactory"
39-->[androidx.core:core:1.13.0] AndroidManifest.xml:28:18-86
40        android:dataExtractionRules="@xml/data_extraction_rules"
40-->src\main\AndroidManifest.xml:13:9-65
41        android:debuggable="true"
42        android:extractNativeLibs="false"
43        android:fullBackupContent="@xml/backup_rules"
43-->src\main\AndroidManifest.xml:14:9-54
44        android:icon="@mipmap/ic_launcher"
44-->src\main\AndroidManifest.xml:15:9-43
45        android:label="@string/app_name"
45-->src\main\AndroidManifest.xml:16:9-41
46        android:roundIcon="@mipmap/ic_launcher_round"
46-->src\main\AndroidManifest.xml:17:9-54
47        android:supportsRtl="true"
47-->src\main\AndroidManifest.xml:18:9-35
48        android:testOnly="true"
49        android:theme="@style/Theme.Design.Light.NoActionBar" >
49-->src\main\AndroidManifest.xml:19:9-62
50        <activity
50-->src\main\AndroidManifest.xml:21:9-23:40
51            android:name="com.example.appquanlitro.TimKiem_PhongTro_TheoBoLoc_NguoiDung_Activity"
51-->src\main\AndroidManifest.xml:22:13-74
52            android:exported="false" />
52-->src\main\AndroidManifest.xml:23:13-37
53        <activity
53-->src\main\AndroidManifest.xml:24:9-26:40
54            android:name="com.example.appquanlitro.HienThi_TienNuoc_Admin_Activity"
54-->src\main\AndroidManifest.xml:25:13-60
55            android:exported="false" />
55-->src\main\AndroidManifest.xml:26:13-37
56        <activity
56-->src\main\AndroidManifest.xml:27:9-29:40
57            android:name="com.example.appquanlitro.HienThi_TienDien_Admin_Activity"
57-->src\main\AndroidManifest.xml:28:13-60
58            android:exported="false" />
58-->src\main\AndroidManifest.xml:29:13-37
59        <activity
59-->src\main\AndroidManifest.xml:30:9-32:40
60            android:name="com.example.appquanlitro.HienThi_TienPhongConLai_Admin_Activity"
60-->src\main\AndroidManifest.xml:31:13-67
61            android:exported="false" />
61-->src\main\AndroidManifest.xml:32:13-37
62        <activity
62-->src\main\AndroidManifest.xml:33:9-35:40
63            android:name="com.example.appquanlitro.HienThi_TienCocPhong_Admin_Activity"
63-->src\main\AndroidManifest.xml:34:13-64
64            android:exported="false" />
64-->src\main\AndroidManifest.xml:35:13-37
65        <activity
65-->src\main\AndroidManifest.xml:36:9-38:40
66            android:name="com.example.appquanlitro.HienThi_HoSo_NguoiThueTro_Admin_Activity"
66-->src\main\AndroidManifest.xml:37:13-69
67            android:exported="false" />
67-->src\main\AndroidManifest.xml:38:13-37
68        <activity
68-->src\main\AndroidManifest.xml:39:9-41:40
69            android:name="com.example.appquanlitro.HienThi_ThongTIn_TaiKhoan_Admin_Activity"
69-->src\main\AndroidManifest.xml:40:13-69
70            android:exported="false" />
70-->src\main\AndroidManifest.xml:41:13-37
71        <activity
71-->src\main\AndroidManifest.xml:42:9-44:40
72            android:name="com.example.appquanlitro.HienThi_ThongTin_PhongTro_Admin_Activity"
72-->src\main\AndroidManifest.xml:43:13-69
73            android:exported="false" />
73-->src\main\AndroidManifest.xml:44:13-37
74        <activity
74-->src\main\AndroidManifest.xml:45:9-47:40
75            android:name="com.example.appquanlitro.DatLichXemPhongTro_DaHuy_Admin_Activity"
75-->src\main\AndroidManifest.xml:46:13-68
76            android:exported="false" />
76-->src\main\AndroidManifest.xml:47:13-37
77        <activity
77-->src\main\AndroidManifest.xml:48:9-50:40
78            android:name="com.example.appquanlitro.DatLichXemPhongTro_DaDuyet_Admin_Activity"
78-->src\main\AndroidManifest.xml:49:13-70
79            android:exported="false" />
79-->src\main\AndroidManifest.xml:50:13-37
80        <activity
80-->src\main\AndroidManifest.xml:51:9-53:40
81            android:name="com.example.appquanlitro.ThongTinTaiKhoan_NguoiDung_Activity"
81-->src\main\AndroidManifest.xml:52:13-64
82            android:exported="false" />
82-->src\main\AndroidManifest.xml:53:13-37
83        <activity
83-->src\main\AndroidManifest.xml:54:9-56:40
84            android:name="com.example.appquanlitro.DoiMatKhau_TaiKhoan_NguoiDung_Activity"
84-->src\main\AndroidManifest.xml:55:13-67
85            android:exported="false" />
85-->src\main\AndroidManifest.xml:56:13-37
86        <activity
86-->src\main\AndroidManifest.xml:57:9-59:40
87            android:name="com.example.appquanlitro.DangKi_TaiKhoan_NguoiDung_Activity"
87-->src\main\AndroidManifest.xml:58:13-63
88            android:exported="false" />
88-->src\main\AndroidManifest.xml:59:13-37
89        <activity
89-->src\main\AndroidManifest.xml:60:9-62:40
90            android:name="com.example.appquanlitro.TienNuoc_NguoiDung_Activity"
90-->src\main\AndroidManifest.xml:61:13-56
91            android:exported="false" />
91-->src\main\AndroidManifest.xml:62:13-37
92        <activity
92-->src\main\AndroidManifest.xml:63:9-65:40
93            android:name="com.example.appquanlitro.TienDien_NguoiDung_Activity"
93-->src\main\AndroidManifest.xml:64:13-56
94            android:exported="false" />
94-->src\main\AndroidManifest.xml:65:13-37
95        <activity
95-->src\main\AndroidManifest.xml:66:9-68:40
96            android:name="com.example.appquanlitro.Sua_TienNuoc_Activity"
96-->src\main\AndroidManifest.xml:67:13-50
97            android:exported="false" />
97-->src\main\AndroidManifest.xml:68:13-37
98        <activity
98-->src\main\AndroidManifest.xml:69:9-71:40
99            android:name="com.example.appquanlitro.Sua_TienDien_Activity"
99-->src\main\AndroidManifest.xml:70:13-50
100            android:exported="false" />
100-->src\main\AndroidManifest.xml:71:13-37
101        <activity
101-->src\main\AndroidManifest.xml:72:9-74:40
102            android:name="com.example.appquanlitro.Them_TienDien_Activity"
102-->src\main\AndroidManifest.xml:73:13-51
103            android:exported="false" />
103-->src\main\AndroidManifest.xml:74:13-37
104        <activity
104-->src\main\AndroidManifest.xml:75:9-77:40
105            android:name="com.example.appquanlitro.Them_TienNuoc_Activity"
105-->src\main\AndroidManifest.xml:76:13-51
106            android:exported="false" />
106-->src\main\AndroidManifest.xml:77:13-37
107        <activity
107-->src\main\AndroidManifest.xml:78:9-80:40
108            android:name="com.example.appquanlitro.Khach_DaCheck_HoSo_NguoiDung_Activity"
108-->src\main\AndroidManifest.xml:79:13-66
109            android:exported="false" />
109-->src\main\AndroidManifest.xml:80:13-37
110        <activity
110-->src\main\AndroidManifest.xml:81:9-83:40
111            android:name="com.example.appquanlitro.Check_HoSoThueTro_NguoiDung_Activity"
111-->src\main\AndroidManifest.xml:82:13-65
112            android:exported="false" />
112-->src\main\AndroidManifest.xml:83:13-37
113        <activity
113-->src\main\AndroidManifest.xml:84:9-86:40
114            android:name="com.example.appquanlitro.TienPhongConLai_NguoiDung_Activity"
114-->src\main\AndroidManifest.xml:85:13-63
115            android:exported="false" />
115-->src\main\AndroidManifest.xml:86:13-37
116        <activity
116-->src\main\AndroidManifest.xml:87:9-89:40
117            android:name="com.example.appquanlitro.TienCocPhong_NguoiDung_Activity"
117-->src\main\AndroidManifest.xml:88:13-60
118            android:exported="false" />
118-->src\main\AndroidManifest.xml:89:13-37
119        <activity
119-->src\main\AndroidManifest.xml:90:9-92:40
120            android:name="com.example.appquanlitro.Them_TienPhongConLai_Activity"
120-->src\main\AndroidManifest.xml:91:13-58
121            android:exported="false" />
121-->src\main\AndroidManifest.xml:92:13-37
122        <activity
122-->src\main\AndroidManifest.xml:93:9-95:40
123            android:name="com.example.appquanlitro.Sua_TienCocPhong_Activity"
123-->src\main\AndroidManifest.xml:94:13-54
124            android:exported="false" />
124-->src\main\AndroidManifest.xml:95:13-37
125        <activity
125-->src\main\AndroidManifest.xml:96:9-98:40
126            android:name="com.example.appquanlitro.Them_TienCocPhong_Activity"
126-->src\main\AndroidManifest.xml:97:13-55
127            android:exported="false" />
127-->src\main\AndroidManifest.xml:98:13-37
128        <activity
128-->src\main\AndroidManifest.xml:99:9-101:40
129            android:name="com.example.appquanlitro.LichHenXemPhong_DaHuy_NguoiDung_Activity"
129-->src\main\AndroidManifest.xml:100:13-69
130            android:exported="false" />
130-->src\main\AndroidManifest.xml:101:13-37
131        <activity
131-->src\main\AndroidManifest.xml:102:9-104:40
132            android:name="com.example.appquanlitro.LichHenXemPhong_DaDuyet_NguoiDung_Activity"
132-->src\main\AndroidManifest.xml:103:13-71
133            android:exported="false" />
133-->src\main\AndroidManifest.xml:104:13-37
134        <activity
134-->src\main\AndroidManifest.xml:105:9-107:40
135            android:name="com.example.appquanlitro.Them_HoSoNguoiThueTro_Activity"
135-->src\main\AndroidManifest.xml:106:13-59
136            android:exported="false" />
136-->src\main\AndroidManifest.xml:107:13-37
137        <activity
137-->src\main\AndroidManifest.xml:108:9-110:40
138            android:name="com.example.appquanlitro.Sua_HoSoNguoiThueTro_Activity"
138-->src\main\AndroidManifest.xml:109:13-58
139            android:exported="false" />
139-->src\main\AndroidManifest.xml:110:13-37
140        <activity
140-->src\main\AndroidManifest.xml:111:9-113:40
141            android:name="com.example.appquanlitro.Huy_DatLichXemPhong_NguoiDung_Activity"
141-->src\main\AndroidManifest.xml:112:13-67
142            android:exported="false" />
142-->src\main\AndroidManifest.xml:113:13-37
143        <activity
143-->src\main\AndroidManifest.xml:114:9-116:40
144            android:name="com.example.appquanlitro.LichHenXemPhong_DangChoDuyet_NguoiDung_Activity"
144-->src\main\AndroidManifest.xml:115:13-76
145            android:exported="false" />
145-->src\main\AndroidManifest.xml:116:13-37
146        <activity
146-->src\main\AndroidManifest.xml:117:9-119:40
147            android:name="com.example.appquanlitro.ChiTietPhongTro_NguoiDung_Activity"
147-->src\main\AndroidManifest.xml:118:13-63
148            android:exported="false" />
148-->src\main\AndroidManifest.xml:119:13-37
149        <activity
149-->src\main\AndroidManifest.xml:120:9-122:40
150            android:name="com.example.appquanlitro.Sua_TaiKhoan_Activity"
150-->src\main\AndroidManifest.xml:121:13-50
151            android:exported="false" />
151-->src\main\AndroidManifest.xml:122:13-37
152        <activity
152-->src\main\AndroidManifest.xml:123:9-125:40
153            android:name="com.example.appquanlitro.Them_TaiKhoan_Activity"
153-->src\main\AndroidManifest.xml:124:13-51
154            android:exported="false" />
154-->src\main\AndroidManifest.xml:125:13-37
155        <activity
155-->src\main\AndroidManifest.xml:126:9-128:40
156            android:name="com.example.appquanlitro.Sua_PhongTro"
156-->src\main\AndroidManifest.xml:127:13-41
157            android:exported="false" />
157-->src\main\AndroidManifest.xml:128:13-37
158        <activity
158-->src\main\AndroidManifest.xml:129:9-131:40
159            android:name="com.example.appquanlitro.Them_PhongTro_Activity"
159-->src\main\AndroidManifest.xml:130:13-51
160            android:exported="false" />
160-->src\main\AndroidManifest.xml:131:13-37
161        <activity
161-->src\main\AndroidManifest.xml:132:9-134:40
162            android:name="com.example.appquanlitro.TrangChu_NguoiDung_Activity"
162-->src\main\AndroidManifest.xml:133:13-56
163            android:exported="false" />
163-->src\main\AndroidManifest.xml:134:13-37
164        <activity
164-->src\main\AndroidManifest.xml:135:9-137:40
165            android:name="com.example.appquanlitro.Sua_DatLichXemPhongTro_Activity"
165-->src\main\AndroidManifest.xml:136:13-60
166            android:exported="false" />
166-->src\main\AndroidManifest.xml:137:13-37
167        <activity
167-->src\main\AndroidManifest.xml:138:9-140:40
168            android:name="com.example.appquanlitro.PhongTro_Admin_Activity"
168-->src\main\AndroidManifest.xml:139:13-52
169            android:exported="false" />
169-->src\main\AndroidManifest.xml:140:13-37
170        <activity
170-->src\main\AndroidManifest.xml:141:9-143:40
171            android:name="com.example.appquanlitro.TienNuoc_Admin_Activity"
171-->src\main\AndroidManifest.xml:142:13-52
172            android:exported="false" />
172-->src\main\AndroidManifest.xml:143:13-37
173        <activity
173-->src\main\AndroidManifest.xml:144:9-146:40
174            android:name="com.example.appquanlitro.TrangCaNhan_NguoiDung_Activity"
174-->src\main\AndroidManifest.xml:145:13-59
175            android:exported="false" />
175-->src\main\AndroidManifest.xml:146:13-37
176        <activity
176-->src\main\AndroidManifest.xml:147:9-149:40
177            android:name="com.example.appquanlitro.Sua_TienPhongConLai_Activity"
177-->src\main\AndroidManifest.xml:148:13-57
178            android:exported="false" />
178-->src\main\AndroidManifest.xml:149:13-37
179        <activity
179-->src\main\AndroidManifest.xml:150:9-152:40
180            android:name="com.example.appquanlitro.DatLichXemPhongTro_ChoDuyet_Admin_Activity"
180-->src\main\AndroidManifest.xml:151:13-71
181            android:exported="false" />
181-->src\main\AndroidManifest.xml:152:13-37
182        <activity
182-->src\main\AndroidManifest.xml:153:9-155:40
183            android:name="com.example.appquanlitro.TienCocPhong_Admin_Activity"
183-->src\main\AndroidManifest.xml:154:13-56
184            android:exported="false" />
184-->src\main\AndroidManifest.xml:155:13-37
185        <activity
185-->src\main\AndroidManifest.xml:156:9-158:40
186            android:name="com.example.appquanlitro.TienPhongConLai_Admin_Activity"
186-->src\main\AndroidManifest.xml:157:13-59
187            android:exported="false" />
187-->src\main\AndroidManifest.xml:158:13-37
188        <activity
188-->src\main\AndroidManifest.xml:159:9-161:40
189            android:name="com.example.appquanlitro.TienDien_Admin_Activity"
189-->src\main\AndroidManifest.xml:160:13-52
190            android:exported="false" />
190-->src\main\AndroidManifest.xml:161:13-37
191        <activity
191-->src\main\AndroidManifest.xml:162:9-164:40
192            android:name="com.example.appquanlitro.Login_Activity"
192-->src\main\AndroidManifest.xml:163:13-43
193            android:exported="false" />
193-->src\main\AndroidManifest.xml:164:13-37
194        <activity
194-->src\main\AndroidManifest.xml:165:9-167:40
195            android:name="com.example.appquanlitro.TaiKhoan_Admin_Activity"
195-->src\main\AndroidManifest.xml:166:13-52
196            android:exported="false" />
196-->src\main\AndroidManifest.xml:167:13-37
197        <activity
197-->src\main\AndroidManifest.xml:168:9-170:40
198            android:name="com.example.appquanlitro.HoSo_NguoiThueTro_Admin_Activity"
198-->src\main\AndroidManifest.xml:169:13-61
199            android:exported="false" />
199-->src\main\AndroidManifest.xml:170:13-37
200        <activity
200-->src\main\AndroidManifest.xml:171:9-173:40
201            android:name="com.example.appquanlitro.TrangChu_Admin_Activity"
201-->src\main\AndroidManifest.xml:172:13-52
202            android:exported="false" />
202-->src\main\AndroidManifest.xml:173:13-37
203        <activity
203-->src\main\AndroidManifest.xml:174:9-182:20
204            android:name="com.example.appquanlitro.MainActivity"
204-->src\main\AndroidManifest.xml:175:13-41
205            android:exported="true" >
205-->src\main\AndroidManifest.xml:176:13-36
206            <intent-filter>
206-->src\main\AndroidManifest.xml:177:13-181:29
207                <action android:name="android.intent.action.MAIN" />
207-->src\main\AndroidManifest.xml:178:17-69
207-->src\main\AndroidManifest.xml:178:25-66
208
209                <category android:name="android.intent.category.LAUNCHER" />
209-->src\main\AndroidManifest.xml:180:17-77
209-->src\main\AndroidManifest.xml:180:27-74
210            </intent-filter>
211        </activity>
212        <!-- Needs to be explicitly declared on P+ -->
213        <uses-library
213-->[com.google.android.gms:play-services-maps:18.1.0] AndroidManifest.xml:39:9-41:40
214            android:name="org.apache.http.legacy"
214-->[com.google.android.gms:play-services-maps:18.1.0] AndroidManifest.xml:40:13-50
215            android:required="false" />
215-->[com.google.android.gms:play-services-maps:18.1.0] AndroidManifest.xml:41:13-37
216
217        <activity
217-->[com.google.android.gms:play-services-base:18.0.1] AndroidManifest.xml:20:9-22:45
218            android:name="com.google.android.gms.common.api.GoogleApiActivity"
218-->[com.google.android.gms:play-services-base:18.0.1] AndroidManifest.xml:20:19-85
219            android:exported="false"
219-->[com.google.android.gms:play-services-base:18.0.1] AndroidManifest.xml:22:19-43
220            android:theme="@android:style/Theme.Translucent.NoTitleBar" />
220-->[com.google.android.gms:play-services-base:18.0.1] AndroidManifest.xml:21:19-78
221
222        <meta-data
222-->[com.google.android.gms:play-services-basement:18.0.0] AndroidManifest.xml:21:9-23:69
223            android:name="com.google.android.gms.version"
223-->[com.google.android.gms:play-services-basement:18.0.0] AndroidManifest.xml:22:13-58
224            android:value="@integer/google_play_services_version" /> <!-- The minimal version code of ARCore APK required for an app using this SDK. -->
224-->[com.google.android.gms:play-services-basement:18.0.0] AndroidManifest.xml:23:13-66
225        <meta-data
225-->[com.google.ar:core:1.40.0] AndroidManifest.xml:27:9-29:41
226            android:name="com.google.ar.core.min_apk_version"
226-->[com.google.ar:core:1.40.0] AndroidManifest.xml:28:13-62
227            android:value="232050000" /> <!-- This activity is critical for installing ARCore when it is not already present. -->
227-->[com.google.ar:core:1.40.0] AndroidManifest.xml:29:13-38
228        <activity
228-->[com.google.ar:core:1.40.0] AndroidManifest.xml:31:9-37:80
229            android:name="com.google.ar.core.InstallActivity"
229-->[com.google.ar:core:1.40.0] AndroidManifest.xml:32:13-62
230            android:configChanges="keyboardHidden|orientation|screenSize"
230-->[com.google.ar:core:1.40.0] AndroidManifest.xml:33:13-74
231            android:excludeFromRecents="true"
231-->[com.google.ar:core:1.40.0] AndroidManifest.xml:34:13-46
232            android:exported="false"
232-->[com.google.ar:core:1.40.0] AndroidManifest.xml:35:13-37
233            android:launchMode="singleTop"
233-->[com.google.ar:core:1.40.0] AndroidManifest.xml:36:13-43
234            android:theme="@android:style/Theme.Material.Light.Dialog.Alert" />
234-->[com.google.ar:core:1.40.0] AndroidManifest.xml:37:13-77
235
236        <provider
236-->[androidx.emoji2:emoji2:1.3.0] AndroidManifest.xml:24:9-32:20
237            android:name="androidx.startup.InitializationProvider"
237-->[androidx.emoji2:emoji2:1.3.0] AndroidManifest.xml:25:13-67
238            android:authorities="com.example.appquanlitro.androidx-startup"
238-->[androidx.emoji2:emoji2:1.3.0] AndroidManifest.xml:26:13-68
239            android:exported="false" >
239-->[androidx.emoji2:emoji2:1.3.0] AndroidManifest.xml:27:13-37
240            <meta-data
240-->[androidx.emoji2:emoji2:1.3.0] AndroidManifest.xml:29:13-31:52
241                android:name="androidx.emoji2.text.EmojiCompatInitializer"
241-->[androidx.emoji2:emoji2:1.3.0] AndroidManifest.xml:30:17-75
242                android:value="androidx.startup" />
242-->[androidx.emoji2:emoji2:1.3.0] AndroidManifest.xml:31:17-49
243            <meta-data
243-->[androidx.lifecycle:lifecycle-process:2.6.2] AndroidManifest.xml:29:13-31:52
244                android:name="androidx.lifecycle.ProcessLifecycleInitializer"
244-->[androidx.lifecycle:lifecycle-process:2.6.2] AndroidManifest.xml:30:17-78
245                android:value="androidx.startup" />
245-->[androidx.lifecycle:lifecycle-process:2.6.2] AndroidManifest.xml:31:17-49
246            <meta-data
246-->[androidx.profileinstaller:profileinstaller:1.4.0] AndroidManifest.xml:29:13-31:52
247                android:name="androidx.profileinstaller.ProfileInstallerInitializer"
247-->[androidx.profileinstaller:profileinstaller:1.4.0] AndroidManifest.xml:30:17-85
248                android:value="androidx.startup" />
248-->[androidx.profileinstaller:profileinstaller:1.4.0] AndroidManifest.xml:31:17-49
249        </provider>
250
251        <receiver
251-->[androidx.profileinstaller:profileinstaller:1.4.0] AndroidManifest.xml:34:9-52:20
252            android:name="androidx.profileinstaller.ProfileInstallReceiver"
252-->[androidx.profileinstaller:profileinstaller:1.4.0] AndroidManifest.xml:35:13-76
253            android:directBootAware="false"
253-->[androidx.profileinstaller:profileinstaller:1.4.0] AndroidManifest.xml:36:13-44
254            android:enabled="true"
254-->[androidx.profileinstaller:profileinstaller:1.4.0] AndroidManifest.xml:37:13-35
255            android:exported="true"
255-->[androidx.profileinstaller:profileinstaller:1.4.0] AndroidManifest.xml:38:13-36
256            android:permission="android.permission.DUMP" >
256-->[androidx.profileinstaller:profileinstaller:1.4.0] AndroidManifest.xml:39:13-57
257            <intent-filter>
257-->[androidx.profileinstaller:profileinstaller:1.4.0] AndroidManifest.xml:40:13-42:29
258                <action android:name="androidx.profileinstaller.action.INSTALL_PROFILE" />
258-->[androidx.profileinstaller:profileinstaller:1.4.0] AndroidManifest.xml:41:17-91
258-->[androidx.profileinstaller:profileinstaller:1.4.0] AndroidManifest.xml:41:25-88
259            </intent-filter>
260            <intent-filter>
260-->[androidx.profileinstaller:profileinstaller:1.4.0] AndroidManifest.xml:43:13-45:29
261                <action android:name="androidx.profileinstaller.action.SKIP_FILE" />
261-->[androidx.profileinstaller:profileinstaller:1.4.0] AndroidManifest.xml:44:17-85
261-->[androidx.profileinstaller:profileinstaller:1.4.0] AndroidManifest.xml:44:25-82
262            </intent-filter>
263            <intent-filter>
263-->[androidx.profileinstaller:profileinstaller:1.4.0] AndroidManifest.xml:46:13-48:29
264                <action android:name="androidx.profileinstaller.action.SAVE_PROFILE" />
264-->[androidx.profileinstaller:profileinstaller:1.4.0] AndroidManifest.xml:47:17-88
264-->[androidx.profileinstaller:profileinstaller:1.4.0] AndroidManifest.xml:47:25-85
265            </intent-filter>
266            <intent-filter>
266-->[androidx.profileinstaller:profileinstaller:1.4.0] AndroidManifest.xml:49:13-51:29
267                <action android:name="androidx.profileinstaller.action.BENCHMARK_OPERATION" />
267-->[androidx.profileinstaller:profileinstaller:1.4.0] AndroidManifest.xml:50:17-95
267-->[androidx.profileinstaller:profileinstaller:1.4.0] AndroidManifest.xml:50:25-92
268            </intent-filter>
269        </receiver>
270    </application>
271
272</manifest>